npm error code ERESOLVE
npm error ERESOLVE could not resolve
npm error
npm error While resolving: react-course@0.0.0
npm error Found: storybook@10.3.5
npm error node_modules/storybook
npm error   peer storybook@"^10.3.5" from @storybook/addon-vitest@10.3.5
npm error   node_modules/@storybook/addon-vitest
npm error     dev @storybook/addon-vitest@"^10.3.5" from the root project
npm error   peer storybook@"^10.3.5" from eslint-plugin-storybook@10.3.5
npm error   node_modules/eslint-plugin-storybook
npm error     dev eslint-plugin-storybook@"^10.3.5" from the root project
npm error   1 more (the root project)
npm error
npm error Could not resolve dependency:
npm error dev @chromatic-com/storybook@"3" from the root project
npm error
npm error Conflicting peer dependency: storybook@8.6.14
npm error node_modules/storybook
npm error   peer storybook@"^8.2.0 || ^8.3.0-0 || ^8.4.0-0 || ^8.5.0-0 || ^8.6.0-0" from @chromatic-com/storybook@3.2.7
npm error   node_modules/@chromatic-com/storybook
npm error     dev @chromatic-com/storybook@"3" from the root project
npm error
npm error Fix the upstream dependency conflict, or retry
npm error this command with --force or --legacy-peer-deps
npm error to accept an incorrect (and potentially broken) dependency resolution.
npm error
npm error
npm error For a full report see:
npm error C:\Users\vladimir\AppData\Local\npm-cache\_logs\2026-04-13T12_23_33_633Z-eresolve-report.txt
npm error A complete log of this run can be found in: C:\Users\vladimir\AppData\Local\npm-cache\_logs\2026-04-13T12_23_33_633Z-debug-0.log
